<?xml version="1.0" encoding="UTF-8"?>
<!-- Generated by org.testng.reporters.JUnitReportReporter -->
<testsuite hostname="DESKTOP-L98MB0F" failures="0" tests="1" name="org.testleaf.TestLeaf.TC001HomePage" time="44.743" errors="0" timestamp="2023-02-20T19:03:18 IST" skipped="0">
  <testcase classname="org.testleaf.TestLeaf.TC001HomePage" name="page" time="44.743"/>
  <system-out/>
</testsuite> <!-- org.testleaf.TestLeaf.TC001HomePage -->
