<?xml version="1.0" encoding="UTF-8"?>
<!-- Generated by org.testng.reporters.JUnitReportReporter -->
<testsuite hostname="DESKTOP-L98MB0F" failures="0" tests="1" name="org.testleaf.Test.TC002Auth" time="5.454" errors="0" timestamp="2023-02-22T01:07:10 IST" skipped="0">
  <testcase classname="org.testleaf.Test.TC002Auth" name="authPageMethod" time="5.454"/>
  <system-out/>
</testsuite> <!-- org.testleaf.Test.TC002Auth -->
