<?xml version="1.0" encoding="UTF-8"?>
<!-- Generated by org.testng.reporters.JUnitReportReporter -->
<testsuite hostname="DESKTOP-L98MB0F" failures="0" tests="1" name="org.testleaf.Test.TC001HomePage" time="12.915" errors="0" timestamp="2023-02-22T01:02:31 IST" skipped="0">
  <testcase classname="org.testleaf.Test.TC001HomePage" name="dashboardMethod" time="12.915"/>
  <system-out/>
</testsuite> <!-- org.testleaf.Test.TC001HomePage -->
