<?xml version="1.0" encoding="UTF-8"?>
<!-- Generated by org.testng.reporters.JUnitReportReporter -->
<testsuite hostname="DESKTOP-L98MB0F" failures="0" tests="1" name="org.testleaf.Test.TC004Iframe" time="30.522" errors="0" timestamp="2023-02-22T20:36:37 IST" skipped="0">
  <testcase classname="org.testleaf.Test.TC004Iframe" name="frameType" time="30.522"/>
  <system-out/>
</testsuite> <!-- org.testleaf.Test.TC004Iframe -->
