<?xml version="1.0" encoding="UTF-8"?>
<!-- Generated by org.testng.reporters.JUnitReportReporter -->
<testsuite hostname="DESKTOP-L98MB0F" failures="0" tests="1" name="org.testleaf.Test.TC006Drag" time="7.918" errors="0" timestamp="2023-02-23T13:49:03 IST" skipped="0">
  <testcase classname="org.testleaf.Test.TC006Drag" name="dragtype1" time="7.918"/>
  <system-out/>
</testsuite> <!-- org.testleaf.Test.TC006Drag -->
