<?xml version="1.0" encoding="UTF-8"?>
<!-- Generated by org.testng.reporters.JUnitReportReporter -->
<testsuite hostname="DESKTOP-L98MB0F" failures="0" tests="1" name="org.testleaf.Test.TC003Alert" time="10.639" errors="0" timestamp="2023-02-22T02:16:05 IST" skipped="0">
  <testcase classname="org.testleaf.Test.TC003Alert" name="alertType" time="10.639"/>
  <system-out/>
</testsuite> <!-- org.testleaf.Test.TC003Alert -->
