<?xml version="1.0" encoding="UTF-8"?>
<!-- Generated by org.testng.reporters.JUnitReportReporter -->
<testsuite hostname="DESKTOP-L98MB0F" failures="0" tests="1" name="org.testleaf.Test.TC004Window" time="8.339" errors="0" timestamp="2023-02-23T00:20:07 IST" skipped="0">
  <testcase classname="org.testleaf.Test.TC004Window" name="windowType" time="8.339"/>
  <system-out/>
</testsuite> <!-- org.testleaf.Test.TC004Window -->
