<?xml version="1.0" encoding="UTF-8"?>
<!-- Generated by org.testng.reporters.JUnitReportReporter -->
<testsuite hostname="DESKTOP-L98MB0F" failures="0" tests="1" name="org.testleaf.Test.TC003Alert" time="4.821" errors="0" timestamp="2023-02-22T18:53:21 IST" skipped="0">
  <testcase classname="org.testleaf.Test.TC003Alert" name="name" time="4.821"/>
  <system-out/>
</testsuite> <!-- org.testleaf.Test.TC003Alert -->
