<?xml version="1.0" encoding="UTF-8"?>
<!-- Generated by org.testng.reporters.JUnitReportReporter -->
<testsuite hostname="DESKTOP-L98MB0F" failures="0" tests="1" name="testngclass.mavenproject2.FluentWaitClass" time="25.210" errors="0" timestamp="2023-02-18T02:01:33 IST" skipped="0">
  <testcase classname="testngclass.mavenproject2.FluentWaitClass" name="login" time="25.210"/>
  <system-out/>
</testsuite> <!-- testngclass.mavenproject2.FluentWaitClass -->
