<?xml version="1.0" encoding="UTF-8"?>
<!-- Generated by org.testng.reporters.JUnitReportReporter -->
<testsuite hostname="DESKTOP-L98MB0F" failures="0" tests="7" name="testngclass.mavenproject2.PriorityKeywordAndSkipTestCase" time="0.000" errors="0" timestamp="2023-02-15T19:13:03 IST" skipped="7">
  <testcase classname="testngclass.mavenproject2.PriorityKeywordAndSkipTestCase" name="refresh" time="0.000">
    <skipped/>
  </testcase> <!-- refresh -->
  <system-out/>
  <testcase classname="testngclass.mavenproject2.PriorityKeywordAndSkipTestCase" name="lapon" time="0.000">
    <skipped/>
  </testcase> <!-- lapon -->
  <system-out/>
  <testcase classname="testngclass.mavenproject2.PriorityKeywordAndSkipTestCase" name="lapoff" time="0.000">
    <skipped/>
  </testcase> <!-- lapoff -->
  <system-out/>
  <testcase classname="testngclass.mavenproject2.PriorityKeywordAndSkipTestCase" name="lapopen" time="0.000">
    <skipped/>
  </testcase> <!-- lapopen -->
  <system-out/>
  <testcase classname="testngclass.mavenproject2.PriorityKeywordAndSkipTestCase" name="workStart" time="0.000">
    <skipped/>
  </testcase> <!-- workStart -->
  <system-out/>
  <testcase classname="testngclass.mavenproject2.PriorityKeywordAndSkipTestCase" name="workInbetweenBreak">
    <skipped/>
  </testcase> <!-- workInbetweenBreak -->
  <system-out/>
  <testcase classname="testngclass.mavenproject2.PriorityKeywordAndSkipTestCase" name="workFinish">
    <skipped/>
  </testcase> <!-- workFinish -->
  <system-out/>
</testsuite> <!-- testngclass.mavenproject2.PriorityKeywordAndSkipTestCase -->
