<?xml version="1.0" encoding="UTF-8"?>
<!-- Generated by org.testng.reporters.JUnitReportReporter -->
<testsuite hostname="DESKTOP-L98MB0F" failures="0" tests="7" name="testngclass.mavenproject2.PriorityKeywordAndSkipTestCase" time="0.259" errors="0" timestamp="2023-02-19T10:41:33 IST" skipped="2">
  <testcase classname="testngclass.mavenproject2.PriorityKeywordAndSkipTestCase" name="refresh" time="0.077"/>
  <system-out/>
  <testcase classname="testngclass.mavenproject2.PriorityKeywordAndSkipTestCase" name="lapon" time="0.017"/>
  <system-out/>
  <testcase classname="testngclass.mavenproject2.PriorityKeywordAndSkipTestCase" name="lapopen" time="0.129"/>
  <system-out/>
  <testcase classname="testngclass.mavenproject2.PriorityKeywordAndSkipTestCase" name="lapoff" time="0.023"/>
  <system-out/>
  <testcase classname="testngclass.mavenproject2.PriorityKeywordAndSkipTestCase" name="workStart" time="0.013"/>
  <system-out/>
  <testcase classname="testngclass.mavenproject2.PriorityKeywordAndSkipTestCase" name="workInbetweenBreak">
    <skipped/>
  </testcase> <!-- workInbetweenBreak -->
  <system-out/>
  <testcase classname="testngclass.mavenproject2.PriorityKeywordAndSkipTestCase" name="workFinish">
    <skipped/>
  </testcase> <!-- workFinish -->
  <system-out/>
</testsuite> <!-- testngclass.mavenproject2.PriorityKeywordAndSkipTestCase -->
