<?xml version="1.0" encoding="UTF-8"?>
<!-- Generated by org.testng.reporters.JUnitReportReporter -->
<testsuite hostname="DESKTOP-L98MB0F" failures="0" tests="7" name="maven.mavenproject2.PriorityKeyword" time="0.065" errors="0" timestamp="2023-02-14T21:04:30 IST" skipped="2">
  <testcase classname="maven.mavenproject2.PriorityKeyword" name="refresh" time="0.033"/>
  <system-out/>
  <testcase classname="maven.mavenproject2.PriorityKeyword" name="lapon" time="0.006"/>
  <system-out/>
  <testcase classname="maven.mavenproject2.PriorityKeyword" name="lapopen" time="0.006"/>
  <system-out/>
  <testcase classname="maven.mavenproject2.PriorityKeyword" name="lapoff" time="0.007"/>
  <system-out/>
  <testcase classname="maven.mavenproject2.PriorityKeyword" name="workStart" time="0.013"/>
  <system-out/>
  <testcase classname="maven.mavenproject2.PriorityKeyword" name="workInbetweenBreak">
    <skipped/>
  </testcase> <!-- workInbetweenBreak -->
  <system-out/>
  <testcase classname="maven.mavenproject2.PriorityKeyword" name="workFinish">
    <skipped/>
  </testcase> <!-- workFinish -->
  <system-out/>
</testsuite> <!-- maven.mavenproject2.PriorityKeyword -->
