<?xml version="1.0" encoding="UTF-8"?>
<!-- Generated by org.testng.reporters.JUnitReportReporter -->
<testsuite hostname="DESKTOP-L98MB0F" failures="0" tests="4" name="testng.browserLaunchTime" time="16.441" errors="0" timestamp="2023-02-15T00:21:24 IST" skipped="0">
  <testcase classname="testng.browserLaunchTime" name="bing" time="1.219"/>
  <system-out/>
  <testcase classname="testng.browserLaunchTime" name="facebook" time="3.702"/>
  <system-out/>
  <testcase classname="testng.browserLaunchTime" name="demoqa" time="9.959"/>
  <system-out/>
  <testcase classname="testng.browserLaunchTime" name="google" time="1.561"/>
  <system-out/>
</testsuite> <!-- testng.browserLaunchTime -->
