<?xml version="1.0" encoding="UTF-8"?>
<!-- Generated by org.testng.reporters.JUnitReportReporter -->
<testsuite hostname="DESKTOP-L98MB0F" failures="0" tests="1" name="testngclass.mavenproject2.AnnotationsClass" time="0.068" errors="0" timestamp="2023-02-17T01:31:18 IST" skipped="0">
  <testcase classname="testngclass.mavenproject2.AnnotationsClass" name="test" time="0.068"/>
  <system-out/>
</testsuite> <!-- testngclass.mavenproject2.AnnotationsClass -->
