<?xml version="1.0" encoding="UTF-8"?>
<!-- Generated by org.testng.reporters.JUnitReportReporter -->
<testsuite hostname="DESKTOP-L98MB0F" failures="0" tests="1" name="maven.mavenproject2.PopupAlert" time="32.862" errors="0" timestamp="2023-02-12T03:53:11 IST" skipped="0">
  <testcase classname="maven.mavenproject2.PopupAlert" name="f" time="32.862"/>
  <system-out/>
</testsuite> <!-- maven.mavenproject2.PopupAlert -->
