<?xml version="1.0" encoding="UTF-8"?>
<!-- Generated by org.testng.reporters.JUnitReportReporter -->
<testsuite hostname="DESKTOP-L98MB0F" failures="0" tests="1" name="javademo1.mavenproject.NewTest1" time="16.056" errors="0" timestamp="2023-02-16T18:24:16 IST" skipped="0">
  <testcase classname="javademo1.mavenproject.NewTest1" name="google" time="16.056"/>
  <system-out/>
</testsuite> <!-- javademo1.mavenproject.NewTest1 -->
