<?xml version="1.0" encoding="UTF-8"?>
<!-- Generated by org.testng.reporters.JUnitReportReporter -->
<testsuite hostname="DESKTOP-L98MB0F" failures="0" tests="1" name="automationdemo.mavenproject2.NewTest" time="0.935" errors="0" timestamp="2023-02-16T19:38:19 IST" skipped="0">
  <testcase classname="automationdemo.mavenproject2.NewTest" name="f" time="0.935"/>
  <system-out/>
</testsuite> <!-- automationdemo.mavenproject2.NewTest -->
