<?xml version="1.0" encoding="UTF-8"?>
<!-- Generated by org.testng.reporters.JUnitReportReporter -->
<testsuite hostname="DESKTOP-L98MB0F" failures="0" tests="5" name="testng.NewTest" time="0.071" errors="0" timestamp="2023-02-14T23:47:19 IST" skipped="0">
  <testcase classname="testng.NewTest" name="collectingFood" time="0.012"/>
  <system-out/>
  <testcase classname="testng.NewTest" name="deliverPartnerPickingOrder" time="0.008"/>
  <system-out/>
  <testcase classname="testng.NewTest" name="foodbooking" time="0.031"/>
  <system-out/>
  <testcase classname="testng.NewTest" name="deliver" time="0.013"/>
  <system-out/>
  <testcase classname="testng.NewTest" name="hotelConfirm" time="0.007"/>
  <system-out/>
</testsuite> <!-- testng.NewTest -->
