<?xml version="1.0" encoding="UTF-8"?>
<!-- Generated by org.testng.reporters.JUnitReportReporter -->
<testsuite hostname="DESKTOP-L98MB0F" failures="0" tests="5" name="maven.mavenproject2.Class1" time="0.083" errors="0" timestamp="2023-02-14T20:54:13 IST" skipped="0">
  <testcase classname="maven.mavenproject2.Class1" name="refresh" time="0.035"/>
  <system-out/>
  <testcase classname="maven.mavenproject2.Class1" name="lapon" time="0.022"/>
  <system-out/>
  <testcase classname="maven.mavenproject2.Class1" name="lapopen" time="0.010"/>
  <system-out/>
  <testcase classname="maven.mavenproject2.Class1" name="work" time="0.009"/>
  <system-out/>
  <testcase classname="maven.mavenproject2.Class1" name="lapoff" time="0.007"/>
  <system-out/>
</testsuite> <!-- maven.mavenproject2.Class1 -->
