<?xml version="1.0" encoding="UTF-8"?>
<!-- Generated by org.testng.reporters.JUnitReportReporter -->
<testsuite hostname="DESKTOP-L98MB0F" failures="0" tests="4" name="testngclass.mavenproject2.ParallelTesting" time="201.461" errors="0" timestamp="2023-02-17T00:47:30 IST" skipped="0">
  <testcase classname="testngclass.mavenproject2.ParallelTesting" name="google" time="53.554"/>
  <system-out/>
  <testcase classname="testngclass.mavenproject2.ParallelTesting" name="demoqa" time="51.806"/>
  <system-out/>
  <testcase classname="testngclass.mavenproject2.ParallelTesting" name="bing" time="55.479"/>
  <system-out/>
  <testcase classname="testngclass.mavenproject2.ParallelTesting" name="facebook" time="40.622"/>
  <system-out/>
</testsuite> <!-- testngclass.mavenproject2.ParallelTesting -->
