<?xml version="1.0" encoding="UTF-8"?>
<!-- Generated by org.testng.reporters.JUnitReportReporter -->
<testsuite hostname="DESKTOP-L98MB0F" failures="0" tests="1" name="testngclass.mavenproject2.AssertionDemo" time="0.038" errors="0" timestamp="2023-02-17T01:16:58 IST" skipped="0">
  <testcase classname="testngclass.mavenproject2.AssertionDemo" name="method" time="0.038"/>
  <system-out/>
</testsuite> <!-- testngclass.mavenproject2.AssertionDemo -->
