<?xml version="1.0" encoding="UTF-8"?>
<!-- Generated by org.testng.reporters.JUnitReportReporter -->
<testsuite hostname="DESKTOP-L98MB0F" failures="0" tests="4" name="testngclass.mavenproject2.TestngBasics" time="20.245" errors="0" timestamp="2023-02-23T11:50:42 IST" skipped="0">
  <testcase classname="testngclass.mavenproject2.TestngBasics" name="f" time="5.086"/>
  <system-out/>
  <testcase classname="testngclass.mavenproject2.TestngBasics" name="f" time="5.100"/>
  <system-out/>
  <testcase classname="testngclass.mavenproject2.TestngBasics" name="f" time="5.015"/>
  <system-out/>
  <testcase classname="testngclass.mavenproject2.TestngBasics" name="f" time="5.044"/>
  <system-out/>
</testsuite> <!-- testngclass.mavenproject2.TestngBasics -->
