<?xml version="1.0" encoding="UTF-8"?>
<!-- Generated by org.testng.reporters.JUnitReportReporter -->
<testsuite hostname="DESKTOP-L98MB0F" failures="0" tests="1" name="testngclass.mavenproject2.AssertionDemo2" time="21.228" errors="0" timestamp="2023-02-17T14:05:55 IST" skipped="0">
  <testcase classname="testngclass.mavenproject2.AssertionDemo2" name="f" time="21.228"/>
  <system-out/>
</testsuite> <!-- testngclass.mavenproject2.AssertionDemo2 -->
