<?xml version="1.0" encoding="UTF-8"?>
<!-- Generated by org.testng.reporters.JUnitReportReporter -->
<testsuite hostname="DESKTOP-L98MB0F" failures="0" tests="5" name="testngclass.mavenproject2.ParametersClass" time="0.056" errors="0" timestamp="2023-02-16T21:23:24 IST" skipped="0">
  <testcase classname="testngclass.mavenproject2.ParametersClass" name="storeRoom" time="0.003"/>
  <system-out/>
  <testcase classname="testngclass.mavenproject2.ParametersClass" name="kitchenRoom" time="0.005"/>
  <system-out/>
  <testcase classname="testngclass.mavenproject2.ParametersClass" name="hall" time="0.013"/>
  <system-out/>
  <testcase classname="testngclass.mavenproject2.ParametersClass" name="poojaRoom" time="0.004"/>
  <system-out/>
  <testcase classname="testngclass.mavenproject2.ParametersClass" name="bedRoom" time="0.031"/>
  <system-out/>
</testsuite> <!-- testngclass.mavenproject2.ParametersClass -->
