<?xml version="1.0" encoding="UTF-8"?>
<!-- Generated by org.testng.reporters.JUnitReportReporter -->
<testsuite hostname="DESKTOP-L98MB0F" failures="0" tests="4" name="testngclass.mavenproject2.BrowserLaunchTime" time="20.384" errors="0" timestamp="2023-02-16T13:59:05 IST" skipped="0">
  <testcase classname="testngclass.mavenproject2.BrowserLaunchTime" name="bing" time="1.622"/>
  <system-out/>
  <testcase classname="testngclass.mavenproject2.BrowserLaunchTime" name="google" time="1.181"/>
  <system-out/>
  <testcase classname="testngclass.mavenproject2.BrowserLaunchTime" name="facebook" time="3.208"/>
  <system-out/>
  <testcase classname="testngclass.mavenproject2.BrowserLaunchTime" name="demoqa" time="14.373"/>
  <system-out/>
</testsuite> <!-- testngclass.mavenproject2.BrowserLaunchTime -->
