<?xml version="1.0" encoding="UTF-8"?>
<!-- Generated by org.testng.reporters.JUnitReportReporter -->
<testsuite hostname="DESKTOP-L98MB0F" failures="0" tests="7" name="maven.mavenproject2.PriorityKeywordAndSkipTestCase" time="0.055" errors="0" timestamp="2023-02-15T19:29:10 IST" skipped="2">
  <testcase classname="maven.mavenproject2.PriorityKeywordAndSkipTestCase" name="refresh" time="0.029"/>
  <system-out/>
  <testcase classname="maven.mavenproject2.PriorityKeywordAndSkipTestCase" name="lapon" time="0.005"/>
  <system-out/>
  <testcase classname="maven.mavenproject2.PriorityKeywordAndSkipTestCase" name="lapopen" time="0.007"/>
  <system-out/>
  <testcase classname="maven.mavenproject2.PriorityKeywordAndSkipTestCase" name="lapoff" time="0.007"/>
  <system-out/>
  <testcase classname="maven.mavenproject2.PriorityKeywordAndSkipTestCase" name="workStart" time="0.007"/>
  <system-out/>
  <testcase classname="maven.mavenproject2.PriorityKeywordAndSkipTestCase" name="workInbetweenBreak">
    <skipped/>
  </testcase> <!-- workInbetweenBreak -->
  <system-out/>
  <testcase classname="maven.mavenproject2.PriorityKeywordAndSkipTestCase" name="workFinish">
    <skipped/>
  </testcase> <!-- workFinish -->
  <system-out/>
</testsuite> <!-- maven.mavenproject2.PriorityKeywordAndSkipTestCase -->
