<?xml version="1.0" encoding="UTF-8"?>
<!-- Generated by org.testng.reporters.JUnitReportReporter -->
<testsuite hostname="DESKTOP-L98MB0F" failures="0" tests="1" name="automationdemo.mavenproject2.GoogleVerify" time="46.494" errors="0" timestamp="2023-02-19T19:24:31 IST" skipped="0">
  <testcase classname="automationdemo.mavenproject2.GoogleVerify" name="google" time="46.494"/>
  <system-out/>
</testsuite> <!-- automationdemo.mavenproject2.GoogleVerify -->
