<?xml version="1.0" encoding="UTF-8"?>
<!-- Generated by org.testng.reporters.JUnitReportReporter -->
<testsuite hostname="DESKTOP-L98MB0F" failures="0" tests="6" name="testngclass.mavenproject2.GroupsClass" time="0.065" errors="0" timestamp="2023-02-16T20:30:01 IST" skipped="0">
  <testcase classname="testngclass.mavenproject2.GroupsClass" name="htc1" time="0.039"/>
  <system-out/>
  <testcase classname="testngclass.mavenproject2.GroupsClass" name="htc21" time="0.007"/>
  <system-out/>
  <testcase classname="testngclass.mavenproject2.GroupsClass" name="vivo1" time="0.005"/>
  <system-out/>
  <testcase classname="testngclass.mavenproject2.GroupsClass" name="redmi2" time="0.004"/>
  <system-out/>
  <testcase classname="testngclass.mavenproject2.GroupsClass" name="vivo2" time="0.004"/>
  <system-out/>
  <testcase classname="testngclass.mavenproject2.GroupsClass" name="redmi1" time="0.006"/>
  <system-out/>
</testsuite> <!-- testngclass.mavenproject2.GroupsClass -->
