<?xml version="1.0" encoding="UTF-8"?>
<!-- Generated by org.testng.reporters.JUnitReportReporter -->
<testsuite hostname="DESKTOP-L98MB0F" failures="0" tests="3" name="testngclass.mavenproject2.AnnotationsClass1" time="0.075" errors="0" timestamp="2023-02-17T02:45:11 IST" skipped="0">
  <testcase classname="testngclass.mavenproject2.AnnotationsClass1" name="test3" time="0.017"/>
  <system-out/>
  <testcase classname="testngclass.mavenproject2.AnnotationsClass1" name="test2" time="0.016"/>
  <system-out/>
  <testcase classname="testngclass.mavenproject2.AnnotationsClass1" name="test1" time="0.042"/>
  <system-out/>
</testsuite> <!-- testngclass.mavenproject2.AnnotationsClass1 -->
