<?xml version="1.0" encoding="UTF-8"?>
<!-- Generated by org.testng.reporters.JUnitReportReporter -->
<testsuite hostname="DESKTOP-L98MB0F" failures="0" tests="5" name="testngclass.mavenproject2.Depends" time="0.000" errors="0" timestamp="2023-02-15T19:13:03 IST" skipped="5">
  <testcase classname="testngclass.mavenproject2.Depends" name="deliverPartnerPickingOrder" time="0.000">
    <skipped/>
  </testcase> <!-- deliverPartnerPickingOrder -->
  <system-out/>
  <testcase classname="testngclass.mavenproject2.Depends" name="foodbooking" time="0.000">
    <skipped/>
  </testcase> <!-- foodbooking -->
  <system-out/>
  <testcase classname="testngclass.mavenproject2.Depends" name="hotelConfirm" time="0.000">
    <skipped/>
  </testcase> <!-- hotelConfirm -->
  <system-out/>
  <testcase classname="testngclass.mavenproject2.Depends" name="deliver" time="0.000">
    <skipped/>
  </testcase> <!-- deliver -->
  <system-out/>
  <testcase classname="testngclass.mavenproject2.Depends" name="collectingFood" time="0.000">
    <skipped/>
  </testcase> <!-- collectingFood -->
  <system-out/>
</testsuite> <!-- testngclass.mavenproject2.Depends -->
